2022-07-08 20:34:28.066 INFO  com.chenjx.knowledge_base.config.KnowledgeBaseApplication:55   [32m                  [0;39m Starting KnowledgeBaseApplication using Java 1.8.0_291 on DESKTOP-400MTLR with PID 20836 (D:\JavaWorkspace\knowledge_base\target\classes started by 善明 in D:\JavaWorkspace\knowledge_base)
2022-07-08 20:34:28.066 INFO  com.chenjx.knowledge_base.config.KnowledgeBaseApplication:660  [32m                  [0;39m No active profile set, falling back to default profiles: default
2022-07-08 20:34:29.128 INFO  o.s.boot.web.embedded.tomcat.TomcatWebServer      :108  [32m                  [0;39m Tomcat initialized with port(s): 8080 (http)
2022-07-08 20:34:29.143 INFO  org.apache.coyote.http11.Http11NioProtocol        :173  [32m                  [0;39m Initializing ProtocolHandler ["http-nio-8080"]
2022-07-08 20:34:29.143 INFO  org.apache.catalina.core.StandardService          :173  [32m                  [0;39m Starting service [Tomcat]
2022-07-08 20:34:29.143 INFO  org.apache.catalina.core.StandardEngine           :173  [32m                  [0;39m Starting Servlet engine: [Apache Tomcat/9.0.39]
2022-07-08 20:34:29.237 INFO  o.a.c.core.ContainerBase.[Tomcat].[localhost].[/] :173  [32m                  [0;39m Initializing Spring embedded WebApplicationContext
2022-07-08 20:34:29.237 INFO  o.s.b.w.s.c.ServletWebServerApplicationContext    :289  [32m                  [0;39m Root WebApplicationContext: initialization completed in 1125 ms
2022-07-08 20:34:29.378 INFO  o.s.scheduling.concurrent.ThreadPoolTaskExecutor  :181  [32m                  [0;39m Initializing ExecutorService 'applicationTaskExecutor'
2022-07-08 20:34:29.503 INFO  org.apache.coyote.http11.Http11NioProtocol        :173  [32m                  [0;39m Starting ProtocolHandler ["http-nio-8080"]
2022-07-08 20:34:29.518 INFO  o.s.boot.web.embedded.tomcat.TomcatWebServer      :220  [32m                  [0;39m Tomcat started on port(s): 8080 (http) with context path ''
2022-07-08 20:34:29.534 INFO  com.chenjx.knowledge_base.config.KnowledgeBaseApplication:61   [32m                  [0;39m Started KnowledgeBaseApplication in 2.111 seconds (JVM running for 3.732)
2022-07-08 20:40:06.160 INFO  o.s.scheduling.concurrent.ThreadPoolTaskExecutor  :218  [32m                  [0;39m Shutting down ExecutorService 'applicationTaskExecutor'
2022-07-08 21:08:18.839 INFO  com.chenjx.knowledge_base.config.KnowledgeBaseApplication:55   [32m                  [0;39m Starting KnowledgeBaseApplication using Java 1.8.0_291 on DESKTOP-400MTLR with PID 14632 (D:\JavaWorkspace\knowledge_base\target\classes started by 善明 in D:\JavaWorkspace\knowledge_base)
2022-07-08 21:08:18.842 INFO  com.chenjx.knowledge_base.config.KnowledgeBaseApplication:660  [32m                  [0;39m No active profile set, falling back to default profiles: default
2022-07-08 21:08:19.454 INFO  o.s.boot.web.embedded.tomcat.TomcatWebServer      :108  [32m                  [0;39m Tomcat initialized with port(s): 8080 (http)
2022-07-08 21:08:19.460 INFO  org.apache.coyote.http11.Http11NioProtocol        :173  [32m                  [0;39m Initializing ProtocolHandler ["http-nio-8080"]
2022-07-08 21:08:19.461 INFO  org.apache.catalina.core.StandardService          :173  [32m                  [0;39m Starting service [Tomcat]
2022-07-08 21:08:19.461 INFO  org.apache.catalina.core.StandardEngine           :173  [32m                  [0;39m Starting Servlet engine: [Apache Tomcat/9.0.39]
2022-07-08 21:08:19.519 INFO  o.a.c.core.ContainerBase.[Tomcat].[localhost].[/] :173  [32m                  [0;39m Initializing Spring embedded WebApplicationContext
2022-07-08 21:08:19.521 INFO  o.s.b.w.s.c.ServletWebServerApplicationContext    :289  [32m                  [0;39m Root WebApplicationContext: initialization completed in 644 ms
2022-07-08 21:08:19.627 INFO  o.s.scheduling.concurrent.ThreadPoolTaskExecutor  :181  [32m                  [0;39m Initializing ExecutorService 'applicationTaskExecutor'
2022-07-08 21:08:19.729 INFO  org.apache.coyote.http11.Http11NioProtocol        :173  [32m                  [0;39m Starting ProtocolHandler ["http-nio-8080"]
2022-07-08 21:08:19.743 INFO  o.s.boot.web.embedded.tomcat.TomcatWebServer      :220  [32m                  [0;39m Tomcat started on port(s): 8080 (http) with context path ''
2022-07-08 21:08:19.751 INFO  com.chenjx.knowledge_base.config.KnowledgeBaseApplication:61   [32m                  [0;39m Started KnowledgeBaseApplication in 1.295 seconds (JVM running for 1.964)
2022-07-08 21:08:19.753 INFO  com.chenjx.knowledge_base.config.KnowledgeBaseApplication:18   [32m                  [0;39m 启动成功！！
2022-07-08 21:08:19.753 INFO  com.chenjx.knowledge_base.config.KnowledgeBaseApplication:19   [32m                  [0;39m 地址: 	http://127.0.0.1:8080
2022-07-08 21:08:39.435 INFO  o.s.scheduling.concurrent.ThreadPoolTaskExecutor  :218  [32m                  [0;39m Shutting down ExecutorService 'applicationTaskExecutor'
2022-07-08 21:08:42.966 INFO  com.chenjx.knowledge_base.config.KnowledgeBaseApplication:55   [32m                  [0;39m Starting KnowledgeBaseApplication using Java 1.8.0_291 on DESKTOP-400MTLR with PID 10952 (D:\JavaWorkspace\knowledge_base\target\classes started by 善明 in D:\JavaWorkspace\knowledge_base)
2022-07-08 21:08:42.969 INFO  com.chenjx.knowledge_base.config.KnowledgeBaseApplication:660  [32m                  [0;39m No active profile set, falling back to default profiles: default
2022-07-08 21:08:43.533 INFO  o.s.boot.web.embedded.tomcat.TomcatWebServer      :108  [32m                  [0;39m Tomcat initialized with port(s): 8080 (http)
2022-07-08 21:08:43.539 INFO  org.apache.coyote.http11.Http11NioProtocol        :173  [32m                  [0;39m Initializing ProtocolHandler ["http-nio-8080"]
2022-07-08 21:08:43.540 INFO  org.apache.catalina.core.StandardService          :173  [32m                  [0;39m Starting service [Tomcat]
2022-07-08 21:08:43.540 INFO  org.apache.catalina.core.StandardEngine           :173  [32m                  [0;39m Starting Servlet engine: [Apache Tomcat/9.0.39]
2022-07-08 21:08:43.598 INFO  o.a.c.core.ContainerBase.[Tomcat].[localhost].[/] :173  [32m                  [0;39m Initializing Spring embedded WebApplicationContext
2022-07-08 21:08:43.598 INFO  o.s.b.w.s.c.ServletWebServerApplicationContext    :289  [32m                  [0;39m Root WebApplicationContext: initialization completed in 600 ms
2022-07-08 21:08:43.704 INFO  o.s.scheduling.concurrent.ThreadPoolTaskExecutor  :181  [32m                  [0;39m Initializing ExecutorService 'applicationTaskExecutor'
2022-07-08 21:08:43.801 INFO  org.apache.coyote.http11.Http11NioProtocol        :173  [32m                  [0;39m Starting ProtocolHandler ["http-nio-8080"]
2022-07-08 21:08:43.814 INFO  o.s.boot.web.embedded.tomcat.TomcatWebServer      :220  [32m                  [0;39m Tomcat started on port(s): 8080 (http) with context path ''
2022-07-08 21:08:43.821 INFO  com.chenjx.knowledge_base.config.KnowledgeBaseApplication:61   [32m                  [0;39m Started KnowledgeBaseApplication in 1.232 seconds (JVM running for 1.936)
2022-07-08 21:08:43.823 INFO  com.chenjx.knowledge_base.config.KnowledgeBaseApplication:18   [32m                  [0;39m Spring启动成功！
2022-07-08 21:08:43.823 INFO  com.chenjx.knowledge_base.config.KnowledgeBaseApplication:19   [32m                  [0;39m 地址: 	http://127.0.0.1:8080
2022-07-08 21:08:54.644 INFO  o.s.scheduling.concurrent.ThreadPoolTaskExecutor  :218  [32m                  [0;39m Shutting down ExecutorService 'applicationTaskExecutor'
2022-07-08 21:08:58.997 INFO  com.chenjx.knowledge_base.config.KnowledgeBaseApplication:55   [32m                  [0;39m Starting KnowledgeBaseApplication using Java 1.8.0_291 on DESKTOP-400MTLR with PID 15352 (D:\JavaWorkspace\knowledge_base\target\classes started by 善明 in D:\JavaWorkspace\knowledge_base)
2022-07-08 21:08:58.999 INFO  com.chenjx.knowledge_base.config.KnowledgeBaseApplication:660  [32m                  [0;39m No active profile set, falling back to default profiles: default
2022-07-08 21:08:59.607 INFO  o.s.boot.web.embedded.tomcat.TomcatWebServer      :108  [32m                  [0;39m Tomcat initialized with port(s): 8080 (http)
2022-07-08 21:08:59.613 INFO  org.apache.coyote.http11.Http11NioProtocol        :173  [32m                  [0;39m Initializing ProtocolHandler ["http-nio-8080"]
2022-07-08 21:08:59.614 INFO  org.apache.catalina.core.StandardService          :173  [32m                  [0;39m Starting service [Tomcat]
2022-07-08 21:08:59.614 INFO  org.apache.catalina.core.StandardEngine           :173  [32m                  [0;39m Starting Servlet engine: [Apache Tomcat/9.0.39]
2022-07-08 21:08:59.679 INFO  o.a.c.core.ContainerBase.[Tomcat].[localhost].[/] :173  [32m                  [0;39m Initializing Spring embedded WebApplicationContext
2022-07-08 21:08:59.679 INFO  o.s.b.w.s.c.ServletWebServerApplicationContext    :289  [32m                  [0;39m Root WebApplicationContext: initialization completed in 644 ms
2022-07-08 21:08:59.786 INFO  o.s.scheduling.concurrent.ThreadPoolTaskExecutor  :181  [32m                  [0;39m Initializing ExecutorService 'applicationTaskExecutor'
2022-07-08 21:08:59.881 INFO  org.apache.coyote.http11.Http11NioProtocol        :173  [32m                  [0;39m Starting ProtocolHandler ["http-nio-8080"]
2022-07-08 21:08:59.894 INFO  o.s.boot.web.embedded.tomcat.TomcatWebServer      :220  [32m                  [0;39m Tomcat started on port(s): 8080 (http) with context path ''
2022-07-08 21:08:59.902 INFO  com.chenjx.knowledge_base.config.KnowledgeBaseApplication:61   [32m                  [0;39m Started KnowledgeBaseApplication in 1.337 seconds (JVM running for 2.044)
2022-07-08 21:08:59.906 INFO  com.chenjx.knowledge_base.config.KnowledgeBaseApplication:18   [32m                  [0;39m Spring启动成功!！
2022-07-08 21:08:59.906 INFO  com.chenjx.knowledge_base.config.KnowledgeBaseApplication:19   [32m                  [0;39m 地址: 	http://127.0.0.1:8080
2022-07-08 21:51:47.980 INFO  o.s.scheduling.concurrent.ThreadPoolTaskExecutor  :218  [32m                  [0;39m Shutting down ExecutorService 'applicationTaskExecutor'
2022-07-08 22:04:02.566 INFO  com.chenjx.knowledge_base.config.KnowledgeBaseApplication:55   [32m                  [0;39m Starting KnowledgeBaseApplication using Java 1.8.0_291 on DESKTOP-400MTLR with PID 1388 (D:\JavaWorkspace\knowledge_base\target\classes started by 善明 in D:\JavaWorkspace\knowledge_base)
2022-07-08 22:04:02.570 INFO  com.chenjx.knowledge_base.config.KnowledgeBaseApplication:660  [32m                  [0;39m No active profile set, falling back to default profiles: default
2022-07-08 22:04:03.317 INFO  o.s.boot.web.embedded.tomcat.TomcatWebServer      :108  [32m                  [0;39m Tomcat initialized with port(s): 8080 (http)
2022-07-08 22:04:03.326 INFO  org.apache.coyote.http11.Http11NioProtocol        :173  [32m                  [0;39m Initializing ProtocolHandler ["http-nio-8080"]
2022-07-08 22:04:03.327 INFO  org.apache.catalina.core.StandardService          :173  [32m                  [0;39m Starting service [Tomcat]
2022-07-08 22:04:03.327 INFO  org.apache.catalina.core.StandardEngine           :173  [32m                  [0;39m Starting Servlet engine: [Apache Tomcat/9.0.39]
2022-07-08 22:04:03.394 INFO  o.a.c.core.ContainerBase.[Tomcat].[localhost].[/] :173  [32m                  [0;39m Initializing Spring embedded WebApplicationContext
2022-07-08 22:04:03.394 INFO  o.s.b.w.s.c.ServletWebServerApplicationContext    :289  [32m                  [0;39m Root WebApplicationContext: initialization completed in 771 ms
2022-07-08 22:04:03.507 INFO  o.s.scheduling.concurrent.ThreadPoolTaskExecutor  :181  [32m                  [0;39m Initializing ExecutorService 'applicationTaskExecutor'
2022-07-08 22:04:03.605 INFO  org.apache.coyote.http11.Http11NioProtocol        :173  [32m                  [0;39m Starting ProtocolHandler ["http-nio-8080"]
2022-07-08 22:04:03.619 INFO  o.s.boot.web.embedded.tomcat.TomcatWebServer      :220  [32m                  [0;39m Tomcat started on port(s): 8080 (http) with context path ''
2022-07-08 22:04:03.627 INFO  com.chenjx.knowledge_base.config.KnowledgeBaseApplication:61   [32m                  [0;39m Started KnowledgeBaseApplication in 1.487 seconds (JVM running for 2.149)
2022-07-08 22:04:03.629 INFO  com.chenjx.knowledge_base.config.KnowledgeBaseApplication:18   [32m                  [0;39m Spring启动成功!！
2022-07-08 22:04:03.630 INFO  com.chenjx.knowledge_base.config.KnowledgeBaseApplication:19   [32m                  [0;39m 地址: 	http://127.0.0.1:8080
2022-07-08 22:06:37.358 INFO  o.s.scheduling.concurrent.ThreadPoolTaskExecutor  :218  [32m                  [0;39m Shutting down ExecutorService 'applicationTaskExecutor'
