2022-07-10 14:37:13.389 INFO  c.c.knowledge_base.config.KnowledgeBaseApplication:55   [32m                  [0;39m Starting KnowledgeBaseApplication using Java 1.8.0_291 on DESKTOP-400MTLR with PID 1848 (D:\JavaWorkspace\knowledge_base\target\classes started by 善明 in D:\JavaWorkspace\knowledge_base)
2022-07-10 14:37:13.394 INFO  c.c.knowledge_base.config.KnowledgeBaseApplication:660  [32m                  [0;39m No active profile set, falling back to default profiles: default
2022-07-10 14:37:14.212 INFO  o.s.boot.web.embedded.tomcat.TomcatWebServer      :108  [32m                  [0;39m Tomcat initialized with port(s): 8080 (http)
2022-07-10 14:37:14.223 INFO  org.apache.coyote.http11.Http11NioProtocol        :173  [32m                  [0;39m Initializing ProtocolHandler ["http-nio-8080"]
2022-07-10 14:37:14.225 INFO  org.apache.catalina.core.StandardService          :173  [32m                  [0;39m Starting service [Tomcat]
2022-07-10 14:37:14.225 INFO  org.apache.catalina.core.StandardEngine           :173  [32m                  [0;39m Starting Servlet engine: [Apache Tomcat/9.0.39]
2022-07-10 14:37:14.387 INFO  o.a.c.core.ContainerBase.[Tomcat].[localhost].[/] :173  [32m                  [0;39m Initializing Spring embedded WebApplicationContext
2022-07-10 14:37:14.387 INFO  o.s.b.w.s.c.ServletWebServerApplicationContext    :289  [32m                  [0;39m Root WebApplicationContext: initialization completed in 950 ms
2022-07-10 14:37:14.555 INFO  o.s.scheduling.concurrent.ThreadPoolTaskExecutor  :181  [32m                  [0;39m Initializing ExecutorService 'applicationTaskExecutor'
2022-07-10 14:37:14.701 INFO  org.apache.coyote.http11.Http11NioProtocol        :173  [32m                  [0;39m Starting ProtocolHandler ["http-nio-8080"]
2022-07-10 14:37:14.727 INFO  o.s.boot.web.embedded.tomcat.TomcatWebServer      :220  [32m                  [0;39m Tomcat started on port(s): 8080 (http) with context path ''
2022-07-10 14:37:14.745 INFO  c.c.knowledge_base.config.KnowledgeBaseApplication:61   [32m                  [0;39m Started KnowledgeBaseApplication in 2.168 seconds (JVM running for 3.686)
2022-07-10 14:37:14.749 INFO  c.c.knowledge_base.config.KnowledgeBaseApplication:20   [32m                  [0;39m Spring启动成功!！
2022-07-10 14:37:14.750 INFO  c.c.knowledge_base.config.KnowledgeBaseApplication:21   [32m                  [0;39m 地址: 	http://127.0.0.1:8080
2022-07-10 14:37:39.156 INFO  o.a.c.core.ContainerBase.[Tomcat].[localhost].[/] :173  [32m                  [0;39m Initializing Spring DispatcherServlet 'dispatcherServlet'
2022-07-10 14:37:39.157 INFO  org.springframework.web.servlet.DispatcherServlet :525  [32m                  [0;39m Initializing Servlet 'dispatcherServlet'
2022-07-10 14:37:39.158 INFO  org.springframework.web.servlet.DispatcherServlet :547  [32m                  [0;39m Completed initialization in 1 ms
2022-07-10 14:37:50.125 INFO  o.s.scheduling.concurrent.ThreadPoolTaskExecutor  :218  [32m                  [0;39m Shutting down ExecutorService 'applicationTaskExecutor'
2022-07-10 14:48:15.787 INFO  c.c.knowledge_base.config.KnowledgeBaseApplication:55   [32m                  [0;39m Starting KnowledgeBaseApplication using Java 1.8.0_291 on DESKTOP-400MTLR with PID 19980 (D:\JavaWorkspace\knowledge_base\target\classes started by 善明 in D:\JavaWorkspace\knowledge_base)
2022-07-10 14:48:15.791 INFO  c.c.knowledge_base.config.KnowledgeBaseApplication:660  [32m                  [0;39m No active profile set, falling back to default profiles: default
2022-07-10 14:48:16.492 INFO  o.s.boot.web.embedded.tomcat.TomcatWebServer      :108  [32m                  [0;39m Tomcat initialized with port(s): 8081 (http)
2022-07-10 14:48:16.498 INFO  org.apache.coyote.http11.Http11NioProtocol        :173  [32m                  [0;39m Initializing ProtocolHandler ["http-nio-8081"]
2022-07-10 14:48:16.499 INFO  org.apache.catalina.core.StandardService          :173  [32m                  [0;39m Starting service [Tomcat]
2022-07-10 14:48:16.499 INFO  org.apache.catalina.core.StandardEngine           :173  [32m                  [0;39m Starting Servlet engine: [Apache Tomcat/9.0.39]
2022-07-10 14:48:16.562 INFO  o.a.c.core.ContainerBase.[Tomcat].[localhost].[/] :173  [32m                  [0;39m Initializing Spring embedded WebApplicationContext
2022-07-10 14:48:16.563 INFO  o.s.b.w.s.c.ServletWebServerApplicationContext    :289  [32m                  [0;39m Root WebApplicationContext: initialization completed in 718 ms
2022-07-10 14:48:16.701 INFO  o.s.scheduling.concurrent.ThreadPoolTaskExecutor  :181  [32m                  [0;39m Initializing ExecutorService 'applicationTaskExecutor'
2022-07-10 14:48:16.834 INFO  org.apache.coyote.http11.Http11NioProtocol        :173  [32m                  [0;39m Starting ProtocolHandler ["http-nio-8081"]
2022-07-10 14:48:16.848 INFO  o.s.boot.web.embedded.tomcat.TomcatWebServer      :220  [32m                  [0;39m Tomcat started on port(s): 8081 (http) with context path ''
2022-07-10 14:48:16.856 INFO  c.c.knowledge_base.config.KnowledgeBaseApplication:61   [32m                  [0;39m Started KnowledgeBaseApplication in 1.572 seconds (JVM running for 2.293)
2022-07-10 14:48:16.858 INFO  c.c.knowledge_base.config.KnowledgeBaseApplication:20   [32m                  [0;39m Spring启动成功!！
2022-07-10 14:48:16.858 INFO  c.c.knowledge_base.config.KnowledgeBaseApplication:21   [32m                  [0;39m 地址: 	http://127.0.0.1:8081
2022-07-10 14:49:32.544 INFO  o.s.scheduling.concurrent.ThreadPoolTaskExecutor  :218  [32m                  [0;39m Shutting down ExecutorService 'applicationTaskExecutor'
2022-07-10 14:49:36.279 INFO  c.c.knowledge_base.config.KnowledgeBaseApplication:55   [32m                  [0;39m Starting KnowledgeBaseApplication using Java 1.8.0_291 on DESKTOP-400MTLR with PID 12392 (D:\JavaWorkspace\knowledge_base\target\classes started by 善明 in D:\JavaWorkspace\knowledge_base)
2022-07-10 14:49:36.283 INFO  c.c.knowledge_base.config.KnowledgeBaseApplication:660  [32m                  [0;39m No active profile set, falling back to default profiles: default
2022-07-10 14:49:36.948 INFO  o.s.boot.web.embedded.tomcat.TomcatWebServer      :108  [32m                  [0;39m Tomcat initialized with port(s): 8081 (http)
2022-07-10 14:49:36.954 INFO  org.apache.coyote.http11.Http11NioProtocol        :173  [32m                  [0;39m Initializing ProtocolHandler ["http-nio-8081"]
2022-07-10 14:49:36.955 INFO  org.apache.catalina.core.StandardService          :173  [32m                  [0;39m Starting service [Tomcat]
2022-07-10 14:49:36.955 INFO  org.apache.catalina.core.StandardEngine           :173  [32m                  [0;39m Starting Servlet engine: [Apache Tomcat/9.0.39]
2022-07-10 14:49:37.024 INFO  o.a.c.core.ContainerBase.[Tomcat].[localhost].[/] :173  [32m                  [0;39m Initializing Spring embedded WebApplicationContext
2022-07-10 14:49:37.024 INFO  o.s.b.w.s.c.ServletWebServerApplicationContext    :289  [32m                  [0;39m Root WebApplicationContext: initialization completed in 701 ms
2022-07-10 14:49:37.135 INFO  o.s.scheduling.concurrent.ThreadPoolTaskExecutor  :181  [32m                  [0;39m Initializing ExecutorService 'applicationTaskExecutor'
2022-07-10 14:49:37.259 INFO  org.apache.coyote.http11.Http11NioProtocol        :173  [32m                  [0;39m Starting ProtocolHandler ["http-nio-8081"]
2022-07-10 14:49:37.278 INFO  o.s.boot.web.embedded.tomcat.TomcatWebServer      :220  [32m                  [0;39m Tomcat started on port(s): 8081 (http) with context path ''
2022-07-10 14:49:37.292 INFO  c.c.knowledge_base.config.KnowledgeBaseApplication:61   [32m                  [0;39m Started KnowledgeBaseApplication in 1.436 seconds (JVM running for 2.137)
2022-07-10 14:49:37.295 INFO  c.c.knowledge_base.config.KnowledgeBaseApplication:20   [32m                  [0;39m Spring启动成功!！
2022-07-10 14:49:37.296 INFO  c.c.knowledge_base.config.KnowledgeBaseApplication:21   [32m                  [0;39m 地址: 	http://127.0.0.1:8081
2022-07-10 14:49:46.810 INFO  o.s.scheduling.concurrent.ThreadPoolTaskExecutor  :218  [32m                  [0;39m Shutting down ExecutorService 'applicationTaskExecutor'
2022-07-10 14:49:49.676 INFO  c.c.knowledge_base.config.KnowledgeBaseApplication:55   [32m                  [0;39m Starting KnowledgeBaseApplication using Java 1.8.0_291 on DESKTOP-400MTLR with PID 21416 (D:\JavaWorkspace\knowledge_base\target\classes started by 善明 in D:\JavaWorkspace\knowledge_base)
2022-07-10 14:49:49.680 INFO  c.c.knowledge_base.config.KnowledgeBaseApplication:660  [32m                  [0;39m No active profile set, falling back to default profiles: default
2022-07-10 14:49:50.270 INFO  o.s.boot.web.embedded.tomcat.TomcatWebServer      :108  [32m                  [0;39m Tomcat initialized with port(s): 8081 (http)
2022-07-10 14:49:50.276 INFO  org.apache.coyote.http11.Http11NioProtocol        :173  [32m                  [0;39m Initializing ProtocolHandler ["http-nio-8081"]
2022-07-10 14:49:50.277 INFO  org.apache.catalina.core.StandardService          :173  [32m                  [0;39m Starting service [Tomcat]
2022-07-10 14:49:50.277 INFO  org.apache.catalina.core.StandardEngine           :173  [32m                  [0;39m Starting Servlet engine: [Apache Tomcat/9.0.39]
2022-07-10 14:49:50.345 INFO  o.a.c.core.ContainerBase.[Tomcat].[localhost].[/] :173  [32m                  [0;39m Initializing Spring embedded WebApplicationContext
2022-07-10 14:49:50.345 INFO  o.s.b.w.s.c.ServletWebServerApplicationContext    :289  [32m                  [0;39m Root WebApplicationContext: initialization completed in 625 ms
2022-07-10 14:49:50.473 INFO  o.s.scheduling.concurrent.ThreadPoolTaskExecutor  :181  [32m                  [0;39m Initializing ExecutorService 'applicationTaskExecutor'
2022-07-10 14:49:50.640 INFO  org.apache.coyote.http11.Http11NioProtocol        :173  [32m                  [0;39m Starting ProtocolHandler ["http-nio-8081"]
2022-07-10 14:49:50.657 INFO  o.s.boot.web.embedded.tomcat.TomcatWebServer      :220  [32m                  [0;39m Tomcat started on port(s): 8081 (http) with context path ''
2022-07-10 14:49:50.664 INFO  c.c.knowledge_base.config.KnowledgeBaseApplication:61   [32m                  [0;39m Started KnowledgeBaseApplication in 1.397 seconds (JVM running for 2.088)
2022-07-10 14:49:50.667 INFO  c.c.knowledge_base.config.KnowledgeBaseApplication:20   [32m                  [0;39m Spring启动成功!！
2022-07-10 14:49:50.667 INFO  c.c.knowledge_base.config.KnowledgeBaseApplication:21   [32m                  [0;39m 地址: 	http://127.0.0.1:8081
2022-07-10 15:02:27.080 INFO  o.s.scheduling.concurrent.ThreadPoolTaskExecutor  :218  [32m                  [0;39m Shutting down ExecutorService 'applicationTaskExecutor'
2022-07-10 15:02:30.424 INFO  c.c.knowledge_base.config.KnowledgeBaseApplication:55   [32m                  [0;39m Starting KnowledgeBaseApplication using Java 1.8.0_291 on DESKTOP-400MTLR with PID 5732 (D:\JavaWorkspace\knowledge_base\target\classes started by 善明 in D:\JavaWorkspace\knowledge_base)
2022-07-10 15:02:30.427 INFO  c.c.knowledge_base.config.KnowledgeBaseApplication:660  [32m                  [0;39m No active profile set, falling back to default profiles: default
2022-07-10 15:02:31.063 INFO  o.s.boot.web.embedded.tomcat.TomcatWebServer      :108  [32m                  [0;39m Tomcat initialized with port(s): 8081 (http)
2022-07-10 15:02:31.070 INFO  org.apache.coyote.http11.Http11NioProtocol        :173  [32m                  [0;39m Initializing ProtocolHandler ["http-nio-8081"]
2022-07-10 15:02:31.070 INFO  org.apache.catalina.core.StandardService          :173  [32m                  [0;39m Starting service [Tomcat]
2022-07-10 15:02:31.070 INFO  org.apache.catalina.core.StandardEngine           :173  [32m                  [0;39m Starting Servlet engine: [Apache Tomcat/9.0.39]
2022-07-10 15:02:31.132 INFO  o.a.c.core.ContainerBase.[Tomcat].[localhost].[/] :173  [32m                  [0;39m Initializing Spring embedded WebApplicationContext
2022-07-10 15:02:31.133 INFO  o.s.b.w.s.c.ServletWebServerApplicationContext    :289  [32m                  [0;39m Root WebApplicationContext: initialization completed in 656 ms
2022-07-10 15:02:31.237 INFO  o.s.scheduling.concurrent.ThreadPoolTaskExecutor  :181  [32m                  [0;39m Initializing ExecutorService 'applicationTaskExecutor'
2022-07-10 15:02:31.369 INFO  org.apache.coyote.http11.Http11NioProtocol        :173  [32m                  [0;39m Starting ProtocolHandler ["http-nio-8081"]
2022-07-10 15:02:31.388 INFO  o.s.boot.web.embedded.tomcat.TomcatWebServer      :220  [32m                  [0;39m Tomcat started on port(s): 8081 (http) with context path ''
2022-07-10 15:02:31.399 INFO  c.c.knowledge_base.config.KnowledgeBaseApplication:61   [32m                  [0;39m Started KnowledgeBaseApplication in 1.38 seconds (JVM running for 2.144)
2022-07-10 15:02:31.403 INFO  c.c.knowledge_base.config.KnowledgeBaseApplication:20   [32m                  [0;39m Spring启动成功!！
2022-07-10 15:02:31.404 INFO  c.c.knowledge_base.config.KnowledgeBaseApplication:21   [32m                  [0;39m 地址: 	http://127.0.0.1:8081
2022-07-10 15:02:53.618 INFO  o.s.scheduling.concurrent.ThreadPoolTaskExecutor  :218  [32m                  [0;39m Shutting down ExecutorService 'applicationTaskExecutor'
2022-07-10 15:02:56.721 INFO  c.c.knowledge_base.config.KnowledgeBaseApplication:55   [32m                  [0;39m Starting KnowledgeBaseApplication using Java 1.8.0_291 on DESKTOP-400MTLR with PID 19488 (D:\JavaWorkspace\knowledge_base\target\classes started by 善明 in D:\JavaWorkspace\knowledge_base)
2022-07-10 15:02:56.724 INFO  c.c.knowledge_base.config.KnowledgeBaseApplication:660  [32m                  [0;39m No active profile set, falling back to default profiles: default
2022-07-10 15:02:57.412 INFO  o.s.boot.web.embedded.tomcat.TomcatWebServer      :108  [32m                  [0;39m Tomcat initialized with port(s): 8080 (http)
2022-07-10 15:02:57.417 INFO  org.apache.coyote.http11.Http11NioProtocol        :173  [32m                  [0;39m Initializing ProtocolHandler ["http-nio-8080"]
2022-07-10 15:02:57.418 INFO  org.apache.catalina.core.StandardService          :173  [32m                  [0;39m Starting service [Tomcat]
2022-07-10 15:02:57.418 INFO  org.apache.catalina.core.StandardEngine           :173  [32m                  [0;39m Starting Servlet engine: [Apache Tomcat/9.0.39]
2022-07-10 15:02:57.483 INFO  o.a.c.core.ContainerBase.[Tomcat].[localhost].[/] :173  [32m                  [0;39m Initializing Spring embedded WebApplicationContext
2022-07-10 15:02:57.483 INFO  o.s.b.w.s.c.ServletWebServerApplicationContext    :289  [32m                  [0;39m Root WebApplicationContext: initialization completed in 695 ms
2022-07-10 15:02:57.582 INFO  o.s.scheduling.concurrent.ThreadPoolTaskExecutor  :181  [32m                  [0;39m Initializing ExecutorService 'applicationTaskExecutor'
2022-07-10 15:02:57.681 INFO  org.apache.coyote.http11.Http11NioProtocol        :173  [32m                  [0;39m Starting ProtocolHandler ["http-nio-8080"]
2022-07-10 15:02:57.694 INFO  o.s.boot.web.embedded.tomcat.TomcatWebServer      :220  [32m                  [0;39m Tomcat started on port(s): 8080 (http) with context path ''
2022-07-10 15:02:57.701 INFO  c.c.knowledge_base.config.KnowledgeBaseApplication:61   [32m                  [0;39m Started KnowledgeBaseApplication in 1.463 seconds (JVM running for 2.117)
2022-07-10 15:02:57.703 INFO  c.c.knowledge_base.config.KnowledgeBaseApplication:20   [32m                  [0;39m Spring启动成功!！
2022-07-10 15:02:57.704 INFO  c.c.knowledge_base.config.KnowledgeBaseApplication:21   [32m                  [0;39m 地址: 	http://127.0.0.1:8080
2022-07-10 15:03:19.851 INFO  o.s.scheduling.concurrent.ThreadPoolTaskExecutor  :218  [32m                  [0;39m Shutting down ExecutorService 'applicationTaskExecutor'
2022-07-10 15:03:22.902 INFO  c.c.knowledge_base.config.KnowledgeBaseApplication:55   [32m                  [0;39m Starting KnowledgeBaseApplication using Java 1.8.0_291 on DESKTOP-400MTLR with PID 18140 (D:\JavaWorkspace\knowledge_base\target\classes started by 善明 in D:\JavaWorkspace\knowledge_base)
2022-07-10 15:03:22.904 INFO  c.c.knowledge_base.config.KnowledgeBaseApplication:660  [32m                  [0;39m No active profile set, falling back to default profiles: default
2022-07-10 15:03:23.680 INFO  o.s.boot.web.embedded.tomcat.TomcatWebServer      :108  [32m                  [0;39m Tomcat initialized with port(s): 8080 (http)
2022-07-10 15:03:23.686 INFO  org.apache.coyote.http11.Http11NioProtocol        :173  [32m                  [0;39m Initializing ProtocolHandler ["http-nio-8080"]
2022-07-10 15:03:23.686 INFO  org.apache.catalina.core.StandardService          :173  [32m                  [0;39m Starting service [Tomcat]
2022-07-10 15:03:23.687 INFO  org.apache.catalina.core.StandardEngine           :173  [32m                  [0;39m Starting Servlet engine: [Apache Tomcat/9.0.39]
2022-07-10 15:03:23.753 INFO  o.a.c.core.ContainerBase.[Tomcat].[localhost].[/] :173  [32m                  [0;39m Initializing Spring embedded WebApplicationContext
2022-07-10 15:03:23.753 INFO  o.s.b.w.s.c.ServletWebServerApplicationContext    :289  [32m                  [0;39m Root WebApplicationContext: initialization completed in 808 ms
2022-07-10 15:03:23.852 INFO  o.s.scheduling.concurrent.ThreadPoolTaskExecutor  :181  [32m                  [0;39m Initializing ExecutorService 'applicationTaskExecutor'
2022-07-10 15:03:23.952 INFO  org.apache.coyote.http11.Http11NioProtocol        :173  [32m                  [0;39m Starting ProtocolHandler ["http-nio-8080"]
2022-07-10 15:03:23.966 INFO  o.s.boot.web.embedded.tomcat.TomcatWebServer      :220  [32m                  [0;39m Tomcat started on port(s): 8080 (http) with context path ''
2022-07-10 15:03:23.973 INFO  c.c.knowledge_base.config.KnowledgeBaseApplication:61   [32m                  [0;39m Started KnowledgeBaseApplication in 1.477 seconds (JVM running for 2.174)
2022-07-10 15:03:23.974 INFO  c.c.knowledge_base.config.KnowledgeBaseApplication:20   [32m                  [0;39m Spring启动成功!！
2022-07-10 15:03:23.975 INFO  c.c.knowledge_base.config.KnowledgeBaseApplication:21   [32m                  [0;39m 地址: 	http://127.0.0.1:null
2022-07-10 15:03:59.486 INFO  o.s.scheduling.concurrent.ThreadPoolTaskExecutor  :218  [32m                  [0;39m Shutting down ExecutorService 'applicationTaskExecutor'
2022-07-10 15:04:02.527 INFO  c.c.knowledge_base.config.KnowledgeBaseApplication:55   [32m                  [0;39m Starting KnowledgeBaseApplication using Java 1.8.0_291 on DESKTOP-400MTLR with PID 3036 (D:\JavaWorkspace\knowledge_base\target\classes started by 善明 in D:\JavaWorkspace\knowledge_base)
2022-07-10 15:04:02.530 INFO  c.c.knowledge_base.config.KnowledgeBaseApplication:660  [32m                  [0;39m No active profile set, falling back to default profiles: default
2022-07-10 15:04:03.230 INFO  o.s.boot.web.embedded.tomcat.TomcatWebServer      :108  [32m                  [0;39m Tomcat initialized with port(s): 8080 (http)
2022-07-10 15:04:03.237 INFO  org.apache.coyote.http11.Http11NioProtocol        :173  [32m                  [0;39m Initializing ProtocolHandler ["http-nio-8080"]
2022-07-10 15:04:03.238 INFO  org.apache.catalina.core.StandardService          :173  [32m                  [0;39m Starting service [Tomcat]
2022-07-10 15:04:03.238 INFO  org.apache.catalina.core.StandardEngine           :173  [32m                  [0;39m Starting Servlet engine: [Apache Tomcat/9.0.39]
2022-07-10 15:04:03.302 INFO  o.a.c.core.ContainerBase.[Tomcat].[localhost].[/] :173  [32m                  [0;39m Initializing Spring embedded WebApplicationContext
2022-07-10 15:04:03.302 INFO  o.s.b.w.s.c.ServletWebServerApplicationContext    :289  [32m                  [0;39m Root WebApplicationContext: initialization completed in 727 ms
2022-07-10 15:04:03.423 INFO  o.s.scheduling.concurrent.ThreadPoolTaskExecutor  :181  [32m                  [0;39m Initializing ExecutorService 'applicationTaskExecutor'
2022-07-10 15:04:03.522 INFO  org.apache.coyote.http11.Http11NioProtocol        :173  [32m                  [0;39m Starting ProtocolHandler ["http-nio-8080"]
2022-07-10 15:04:03.536 INFO  o.s.boot.web.embedded.tomcat.TomcatWebServer      :220  [32m                  [0;39m Tomcat started on port(s): 8080 (http) with context path ''
2022-07-10 15:04:03.544 INFO  c.c.knowledge_base.config.KnowledgeBaseApplication:61   [32m                  [0;39m Started KnowledgeBaseApplication in 1.501 seconds (JVM running for 2.23)
2022-07-10 15:04:03.546 INFO  c.c.knowledge_base.config.KnowledgeBaseApplication:20   [32m                  [0;39m Spring启动成功!！
2022-07-10 15:04:03.546 INFO  c.c.knowledge_base.config.KnowledgeBaseApplication:21   [32m                  [0;39m 地址: 	http://127.0.0.1:null
2022-07-10 15:05:01.431 INFO  o.s.scheduling.concurrent.ThreadPoolTaskExecutor  :218  [32m                  [0;39m Shutting down ExecutorService 'applicationTaskExecutor'
2022-07-10 15:05:04.522 INFO  c.c.knowledge_base.config.KnowledgeBaseApplication:55   [32m                  [0;39m Starting KnowledgeBaseApplication using Java 1.8.0_291 on DESKTOP-400MTLR with PID 19512 (D:\JavaWorkspace\knowledge_base\target\classes started by 善明 in D:\JavaWorkspace\knowledge_base)
2022-07-10 15:05:04.525 INFO  c.c.knowledge_base.config.KnowledgeBaseApplication:660  [32m                  [0;39m No active profile set, falling back to default profiles: default
2022-07-10 15:05:05.121 INFO  o.s.boot.web.embedded.tomcat.TomcatWebServer      :108  [32m                  [0;39m Tomcat initialized with port(s): 8083 (http)
2022-07-10 15:05:05.126 INFO  org.apache.coyote.http11.Http11NioProtocol        :173  [32m                  [0;39m Initializing ProtocolHandler ["http-nio-8083"]
2022-07-10 15:05:05.127 INFO  org.apache.catalina.core.StandardService          :173  [32m                  [0;39m Starting service [Tomcat]
2022-07-10 15:05:05.127 INFO  org.apache.catalina.core.StandardEngine           :173  [32m                  [0;39m Starting Servlet engine: [Apache Tomcat/9.0.39]
2022-07-10 15:05:05.192 INFO  o.a.c.core.ContainerBase.[Tomcat].[localhost].[/] :173  [32m                  [0;39m Initializing Spring embedded WebApplicationContext
2022-07-10 15:05:05.193 INFO  o.s.b.w.s.c.ServletWebServerApplicationContext    :289  [32m                  [0;39m Root WebApplicationContext: initialization completed in 635 ms
2022-07-10 15:05:05.321 INFO  o.s.scheduling.concurrent.ThreadPoolTaskExecutor  :181  [32m                  [0;39m Initializing ExecutorService 'applicationTaskExecutor'
2022-07-10 15:05:05.452 INFO  org.apache.coyote.http11.Http11NioProtocol        :173  [32m                  [0;39m Starting ProtocolHandler ["http-nio-8083"]
2022-07-10 15:05:05.468 INFO  o.s.boot.web.embedded.tomcat.TomcatWebServer      :220  [32m                  [0;39m Tomcat started on port(s): 8083 (http) with context path ''
2022-07-10 15:05:05.476 INFO  c.c.knowledge_base.config.KnowledgeBaseApplication:61   [32m                  [0;39m Started KnowledgeBaseApplication in 1.358 seconds (JVM running for 1.996)
2022-07-10 15:05:05.478 INFO  c.c.knowledge_base.config.KnowledgeBaseApplication:20   [32m                  [0;39m Spring启动成功!！
2022-07-10 15:05:05.479 INFO  c.c.knowledge_base.config.KnowledgeBaseApplication:21   [32m                  [0;39m 地址: 	http://127.0.0.1:8083
2022-07-10 15:05:20.552 INFO  o.s.scheduling.concurrent.ThreadPoolTaskExecutor  :218  [32m                  [0;39m Shutting down ExecutorService 'applicationTaskExecutor'
2022-07-10 15:05:23.494 INFO  c.c.knowledge_base.config.KnowledgeBaseApplication:55   [32m                  [0;39m Starting KnowledgeBaseApplication using Java 1.8.0_291 on DESKTOP-400MTLR with PID 15156 (D:\JavaWorkspace\knowledge_base\target\classes started by 善明 in D:\JavaWorkspace\knowledge_base)
2022-07-10 15:05:23.497 INFO  c.c.knowledge_base.config.KnowledgeBaseApplication:660  [32m                  [0;39m No active profile set, falling back to default profiles: default
2022-07-10 15:05:24.082 INFO  o.s.boot.web.embedded.tomcat.TomcatWebServer      :108  [32m                  [0;39m Tomcat initialized with port(s): 8083 (http)
2022-07-10 15:05:24.089 INFO  org.apache.coyote.http11.Http11NioProtocol        :173  [32m                  [0;39m Initializing ProtocolHandler ["http-nio-8083"]
2022-07-10 15:05:24.089 INFO  org.apache.catalina.core.StandardService          :173  [32m                  [0;39m Starting service [Tomcat]
2022-07-10 15:05:24.089 INFO  org.apache.catalina.core.StandardEngine           :173  [32m                  [0;39m Starting Servlet engine: [Apache Tomcat/9.0.39]
2022-07-10 15:05:24.154 INFO  o.a.c.core.ContainerBase.[Tomcat].[localhost].[/] :173  [32m                  [0;39m Initializing Spring embedded WebApplicationContext
2022-07-10 15:05:24.154 INFO  o.s.b.w.s.c.ServletWebServerApplicationContext    :289  [32m                  [0;39m Root WebApplicationContext: initialization completed in 621 ms
2022-07-10 15:05:24.253 INFO  o.s.scheduling.concurrent.ThreadPoolTaskExecutor  :181  [32m                  [0;39m Initializing ExecutorService 'applicationTaskExecutor'
2022-07-10 15:05:24.349 INFO  org.apache.coyote.http11.Http11NioProtocol        :173  [32m                  [0;39m Starting ProtocolHandler ["http-nio-8083"]
2022-07-10 15:05:24.362 INFO  o.s.boot.web.embedded.tomcat.TomcatWebServer      :220  [32m                  [0;39m Tomcat started on port(s): 8083 (http) with context path ''
2022-07-10 15:05:24.368 INFO  c.c.knowledge_base.config.KnowledgeBaseApplication:61   [32m                  [0;39m Started KnowledgeBaseApplication in 1.27 seconds (JVM running for 1.939)
2022-07-10 15:05:24.370 INFO  c.c.knowledge_base.config.KnowledgeBaseApplication:20   [32m                  [0;39m Spring启动成功!！
2022-07-10 15:05:24.371 INFO  c.c.knowledge_base.config.KnowledgeBaseApplication:21   [32m                  [0;39m 地址: 	http://127.0.0.1:8083
2022-07-10 15:05:41.010 INFO  o.s.scheduling.concurrent.ThreadPoolTaskExecutor  :218  [32m                  [0;39m Shutting down ExecutorService 'applicationTaskExecutor'
2022-07-10 15:05:43.942 INFO  c.c.knowledge_base.config.KnowledgeBaseApplication:55   [32m                  [0;39m Starting KnowledgeBaseApplication using Java 1.8.0_291 on DESKTOP-400MTLR with PID 21392 (D:\JavaWorkspace\knowledge_base\target\classes started by 善明 in D:\JavaWorkspace\knowledge_base)
2022-07-10 15:05:43.945 INFO  c.c.knowledge_base.config.KnowledgeBaseApplication:660  [32m                  [0;39m No active profile set, falling back to default profiles: default
2022-07-10 15:05:44.695 INFO  o.s.boot.web.embedded.tomcat.TomcatWebServer      :108  [32m                  [0;39m Tomcat initialized with port(s): 8081 (http)
2022-07-10 15:05:44.702 INFO  org.apache.coyote.http11.Http11NioProtocol        :173  [32m                  [0;39m Initializing ProtocolHandler ["http-nio-8081"]
2022-07-10 15:05:44.703 INFO  org.apache.catalina.core.StandardService          :173  [32m                  [0;39m Starting service [Tomcat]
2022-07-10 15:05:44.703 INFO  org.apache.catalina.core.StandardEngine           :173  [32m                  [0;39m Starting Servlet engine: [Apache Tomcat/9.0.39]
2022-07-10 15:05:44.785 INFO  o.a.c.core.ContainerBase.[Tomcat].[localhost].[/] :173  [32m                  [0;39m Initializing Spring embedded WebApplicationContext
2022-07-10 15:05:44.786 INFO  o.s.b.w.s.c.ServletWebServerApplicationContext    :289  [32m                  [0;39m Root WebApplicationContext: initialization completed in 805 ms
2022-07-10 15:05:44.894 INFO  o.s.scheduling.concurrent.ThreadPoolTaskExecutor  :181  [32m                  [0;39m Initializing ExecutorService 'applicationTaskExecutor'
2022-07-10 15:05:44.990 INFO  org.apache.coyote.http11.Http11NioProtocol        :173  [32m                  [0;39m Starting ProtocolHandler ["http-nio-8081"]
2022-07-10 15:05:45.005 INFO  o.s.boot.web.embedded.tomcat.TomcatWebServer      :220  [32m                  [0;39m Tomcat started on port(s): 8081 (http) with context path ''
2022-07-10 15:05:45.013 INFO  c.c.knowledge_base.config.KnowledgeBaseApplication:61   [32m                  [0;39m Started KnowledgeBaseApplication in 1.466 seconds (JVM running for 2.138)
2022-07-10 15:05:45.015 INFO  c.c.knowledge_base.config.KnowledgeBaseApplication:20   [32m                  [0;39m Spring启动成功!！
2022-07-10 15:05:45.016 INFO  c.c.knowledge_base.config.KnowledgeBaseApplication:21   [32m                  [0;39m 地址: 	http://127.0.0.1:8081
2022-07-10 15:06:00.467 INFO  o.s.scheduling.concurrent.ThreadPoolTaskExecutor  :218  [32m                  [0;39m Shutting down ExecutorService 'applicationTaskExecutor'
2022-07-10 15:06:03.820 INFO  c.c.knowledge_base.config.KnowledgeBaseApplication:55   [32m                  [0;39m Starting KnowledgeBaseApplication using Java 1.8.0_291 on DESKTOP-400MTLR with PID 17644 (D:\JavaWorkspace\knowledge_base\target\classes started by 善明 in D:\JavaWorkspace\knowledge_base)
2022-07-10 15:06:03.823 INFO  c.c.knowledge_base.config.KnowledgeBaseApplication:660  [32m                  [0;39m No active profile set, falling back to default profiles: default
2022-07-10 15:06:04.414 INFO  o.s.boot.web.embedded.tomcat.TomcatWebServer      :108  [32m                  [0;39m Tomcat initialized with port(s): 8082 (http)
2022-07-10 15:06:04.420 INFO  org.apache.coyote.http11.Http11NioProtocol        :173  [32m                  [0;39m Initializing ProtocolHandler ["http-nio-8082"]
2022-07-10 15:06:04.420 INFO  org.apache.catalina.core.StandardService          :173  [32m                  [0;39m Starting service [Tomcat]
2022-07-10 15:06:04.420 INFO  org.apache.catalina.core.StandardEngine           :173  [32m                  [0;39m Starting Servlet engine: [Apache Tomcat/9.0.39]
2022-07-10 15:06:04.481 INFO  o.a.c.core.ContainerBase.[Tomcat].[localhost].[/] :173  [32m                  [0;39m Initializing Spring embedded WebApplicationContext
2022-07-10 15:06:04.481 INFO  o.s.b.w.s.c.ServletWebServerApplicationContext    :289  [32m                  [0;39m Root WebApplicationContext: initialization completed in 618 ms
2022-07-10 15:06:04.579 INFO  o.s.scheduling.concurrent.ThreadPoolTaskExecutor  :181  [32m                  [0;39m Initializing ExecutorService 'applicationTaskExecutor'
2022-07-10 15:06:04.675 INFO  org.apache.coyote.http11.Http11NioProtocol        :173  [32m                  [0;39m Starting ProtocolHandler ["http-nio-8082"]
2022-07-10 15:06:04.689 INFO  o.s.boot.web.embedded.tomcat.TomcatWebServer      :220  [32m                  [0;39m Tomcat started on port(s): 8082 (http) with context path ''
2022-07-10 15:06:04.695 INFO  c.c.knowledge_base.config.KnowledgeBaseApplication:61   [32m                  [0;39m Started KnowledgeBaseApplication in 1.414 seconds (JVM running for 2.13)
2022-07-10 15:06:04.697 INFO  c.c.knowledge_base.config.KnowledgeBaseApplication:20   [32m                  [0;39m Spring启动成功!！
2022-07-10 15:06:04.697 INFO  c.c.knowledge_base.config.KnowledgeBaseApplication:21   [32m                  [0;39m 地址: 	http://127.0.0.1:8082
2022-07-10 15:06:53.131 INFO  o.s.scheduling.concurrent.ThreadPoolTaskExecutor  :218  [32m                  [0;39m Shutting down ExecutorService 'applicationTaskExecutor'
2022-07-10 15:06:56.143 INFO  c.c.knowledge_base.config.KnowledgeBaseApplication:55   [32m                  [0;39m Starting KnowledgeBaseApplication using Java 1.8.0_291 on DESKTOP-400MTLR with PID 10832 (D:\JavaWorkspace\knowledge_base\target\classes started by 善明 in D:\JavaWorkspace\knowledge_base)
2022-07-10 15:06:56.149 INFO  c.c.knowledge_base.config.KnowledgeBaseApplication:660  [32m                  [0;39m No active profile set, falling back to default profiles: default
2022-07-10 15:06:56.750 INFO  o.s.boot.web.embedded.tomcat.TomcatWebServer      :108  [32m                  [0;39m Tomcat initialized with port(s): 8081 (http)
2022-07-10 15:06:56.756 INFO  org.apache.coyote.http11.Http11NioProtocol        :173  [32m                  [0;39m Initializing ProtocolHandler ["http-nio-8081"]
2022-07-10 15:06:56.757 INFO  org.apache.catalina.core.StandardService          :173  [32m                  [0;39m Starting service [Tomcat]
2022-07-10 15:06:56.757 INFO  org.apache.catalina.core.StandardEngine           :173  [32m                  [0;39m Starting Servlet engine: [Apache Tomcat/9.0.39]
2022-07-10 15:06:56.822 INFO  o.a.c.core.ContainerBase.[Tomcat].[localhost].[/] :173  [32m                  [0;39m Initializing Spring embedded WebApplicationContext
2022-07-10 15:06:56.822 INFO  o.s.b.w.s.c.ServletWebServerApplicationContext    :289  [32m                  [0;39m Root WebApplicationContext: initialization completed in 634 ms
2022-07-10 15:06:56.924 INFO  o.s.scheduling.concurrent.ThreadPoolTaskExecutor  :181  [32m                  [0;39m Initializing ExecutorService 'applicationTaskExecutor'
2022-07-10 15:06:57.020 INFO  org.apache.coyote.http11.Http11NioProtocol        :173  [32m                  [0;39m Starting ProtocolHandler ["http-nio-8081"]
2022-07-10 15:06:57.034 INFO  o.s.boot.web.embedded.tomcat.TomcatWebServer      :220  [32m                  [0;39m Tomcat started on port(s): 8081 (http) with context path ''
2022-07-10 15:06:57.042 INFO  c.c.knowledge_base.config.KnowledgeBaseApplication:61   [32m                  [0;39m Started KnowledgeBaseApplication in 1.309 seconds (JVM running for 1.99)
2022-07-10 15:06:57.044 INFO  c.c.knowledge_base.config.KnowledgeBaseApplication:20   [32m                  [0;39m Spring启动成功!！
2022-07-10 15:06:57.044 INFO  c.c.knowledge_base.config.KnowledgeBaseApplication:21   [32m                  [0;39m 地址: 	http://127.0.0.1:8081
2022-07-10 15:07:15.253 INFO  o.s.scheduling.concurrent.ThreadPoolTaskExecutor  :218  [32m                  [0;39m Shutting down ExecutorService 'applicationTaskExecutor'
2022-07-10 15:07:18.406 INFO  c.c.knowledge_base.config.KnowledgeBaseApplication:55   [32m                  [0;39m Starting KnowledgeBaseApplication using Java 1.8.0_291 on DESKTOP-400MTLR with PID 12676 (D:\JavaWorkspace\knowledge_base\target\classes started by 善明 in D:\JavaWorkspace\knowledge_base)
2022-07-10 15:07:18.410 INFO  c.c.knowledge_base.config.KnowledgeBaseApplication:660  [32m                  [0;39m No active profile set, falling back to default profiles: default
2022-07-10 15:07:19.114 INFO  o.s.boot.web.embedded.tomcat.TomcatWebServer      :108  [32m                  [0;39m Tomcat initialized with port(s): 8083 (http)
2022-07-10 15:07:19.120 INFO  org.apache.coyote.http11.Http11NioProtocol        :173  [32m                  [0;39m Initializing ProtocolHandler ["http-nio-8083"]
2022-07-10 15:07:19.120 INFO  org.apache.catalina.core.StandardService          :173  [32m                  [0;39m Starting service [Tomcat]
2022-07-10 15:07:19.120 INFO  org.apache.catalina.core.StandardEngine           :173  [32m                  [0;39m Starting Servlet engine: [Apache Tomcat/9.0.39]
2022-07-10 15:07:19.184 INFO  o.a.c.core.ContainerBase.[Tomcat].[localhost].[/] :173  [32m                  [0;39m Initializing Spring embedded WebApplicationContext
2022-07-10 15:07:19.184 INFO  o.s.b.w.s.c.ServletWebServerApplicationContext    :289  [32m                  [0;39m Root WebApplicationContext: initialization completed in 739 ms
2022-07-10 15:07:19.285 INFO  o.s.scheduling.concurrent.ThreadPoolTaskExecutor  :181  [32m                  [0;39m Initializing ExecutorService 'applicationTaskExecutor'
2022-07-10 15:07:19.381 INFO  org.apache.coyote.http11.Http11NioProtocol        :173  [32m                  [0;39m Starting ProtocolHandler ["http-nio-8083"]
2022-07-10 15:07:19.395 INFO  o.s.boot.web.embedded.tomcat.TomcatWebServer      :220  [32m                  [0;39m Tomcat started on port(s): 8083 (http) with context path ''
2022-07-10 15:07:19.402 INFO  c.c.knowledge_base.config.KnowledgeBaseApplication:61   [32m                  [0;39m Started KnowledgeBaseApplication in 1.391 seconds (JVM running for 2.045)
2022-07-10 15:07:19.403 INFO  c.c.knowledge_base.config.KnowledgeBaseApplication:20   [32m                  [0;39m Spring启动成功!！
2022-07-10 15:07:19.404 INFO  c.c.knowledge_base.config.KnowledgeBaseApplication:21   [32m                  [0;39m 地址: 	http://127.0.0.1:8083
2022-07-10 15:10:26.461 INFO  o.s.scheduling.concurrent.ThreadPoolTaskExecutor  :218  [32m                  [0;39m Shutting down ExecutorService 'applicationTaskExecutor'
2022-07-10 15:10:29.380 INFO  c.c.knowledge_base.config.KnowledgeBaseApplication:55   [32m                  [0;39m Starting KnowledgeBaseApplication using Java 1.8.0_291 on DESKTOP-400MTLR with PID 16048 (D:\JavaWorkspace\knowledge_base\target\classes started by 善明 in D:\JavaWorkspace\knowledge_base)
2022-07-10 15:10:29.385 INFO  c.c.knowledge_base.config.KnowledgeBaseApplication:660  [32m                  [0;39m No active profile set, falling back to default profiles: default
2022-07-10 15:10:30.035 INFO  o.s.boot.web.embedded.tomcat.TomcatWebServer      :108  [32m                  [0;39m Tomcat initialized with port(s): 8081 (http)
2022-07-10 15:10:30.041 INFO  org.apache.coyote.http11.Http11NioProtocol        :173  [32m                  [0;39m Initializing ProtocolHandler ["http-nio-8081"]
2022-07-10 15:10:30.041 INFO  org.apache.catalina.core.StandardService          :173  [32m                  [0;39m Starting service [Tomcat]
2022-07-10 15:10:30.042 INFO  org.apache.catalina.core.StandardEngine           :173  [32m                  [0;39m Starting Servlet engine: [Apache Tomcat/9.0.39]
2022-07-10 15:10:30.104 INFO  o.a.c.core.ContainerBase.[Tomcat].[localhost].[/] :173  [32m                  [0;39m Initializing Spring embedded WebApplicationContext
2022-07-10 15:10:30.104 INFO  o.s.b.w.s.c.ServletWebServerApplicationContext    :289  [32m                  [0;39m Root WebApplicationContext: initialization completed in 685 ms
2022-07-10 15:10:30.231 INFO  o.s.scheduling.concurrent.ThreadPoolTaskExecutor  :181  [32m                  [0;39m Initializing ExecutorService 'applicationTaskExecutor'
2022-07-10 15:10:30.342 INFO  org.apache.coyote.http11.Http11NioProtocol        :173  [32m                  [0;39m Starting ProtocolHandler ["http-nio-8081"]
2022-07-10 15:10:30.357 INFO  o.s.boot.web.embedded.tomcat.TomcatWebServer      :220  [32m                  [0;39m Tomcat started on port(s): 8081 (http) with context path ''
2022-07-10 15:10:30.365 INFO  c.c.knowledge_base.config.KnowledgeBaseApplication:61   [32m                  [0;39m Started KnowledgeBaseApplication in 1.407 seconds (JVM running for 2.119)
2022-07-10 15:10:30.367 INFO  c.c.knowledge_base.config.KnowledgeBaseApplication:20   [32m                  [0;39m Spring启动成功!！
2022-07-10 15:10:30.368 INFO  c.c.knowledge_base.config.KnowledgeBaseApplication:21   [32m                  [0;39m 地址: 	http://127.0.0.1:8081
2022-07-10 15:14:42.898 INFO  o.s.scheduling.concurrent.ThreadPoolTaskExecutor  :218  [32m                  [0;39m Shutting down ExecutorService 'applicationTaskExecutor'
2022-07-10 15:14:46.826 INFO  c.c.knowledge_base.config.KnowledgeBaseApplication:55   [32m                  [0;39m Starting KnowledgeBaseApplication using Java 1.8.0_291 on DESKTOP-400MTLR with PID 21388 (D:\JavaWorkspace\knowledge_base\target\classes started by 善明 in D:\JavaWorkspace\knowledge_base)
2022-07-10 15:14:46.828 INFO  c.c.knowledge_base.config.KnowledgeBaseApplication:660  [32m                  [0;39m No active profile set, falling back to default profiles: default
2022-07-10 15:14:47.469 INFO  o.s.boot.web.embedded.tomcat.TomcatWebServer      :108  [32m                  [0;39m Tomcat initialized with port(s): 8080 (http)
2022-07-10 15:14:47.475 INFO  org.apache.coyote.http11.Http11NioProtocol        :173  [32m                  [0;39m Initializing ProtocolHandler ["http-nio-8080"]
2022-07-10 15:14:47.476 INFO  org.apache.catalina.core.StandardService          :173  [32m                  [0;39m Starting service [Tomcat]
2022-07-10 15:14:47.476 INFO  org.apache.catalina.core.StandardEngine           :173  [32m                  [0;39m Starting Servlet engine: [Apache Tomcat/9.0.39]
2022-07-10 15:14:47.539 INFO  o.a.c.core.ContainerBase.[Tomcat].[localhost].[/] :173  [32m                  [0;39m Initializing Spring embedded WebApplicationContext
2022-07-10 15:14:47.540 INFO  o.s.b.w.s.c.ServletWebServerApplicationContext    :289  [32m                  [0;39m Root WebApplicationContext: initialization completed in 673 ms
2022-07-10 15:14:47.643 INFO  o.s.scheduling.concurrent.ThreadPoolTaskExecutor  :181  [32m                  [0;39m Initializing ExecutorService 'applicationTaskExecutor'
2022-07-10 15:14:47.736 INFO  org.apache.coyote.http11.Http11NioProtocol        :173  [32m                  [0;39m Starting ProtocolHandler ["http-nio-8080"]
2022-07-10 15:14:47.750 INFO  o.s.boot.web.embedded.tomcat.TomcatWebServer      :220  [32m                  [0;39m Tomcat started on port(s): 8080 (http) with context path ''
2022-07-10 15:14:47.759 INFO  c.c.knowledge_base.config.KnowledgeBaseApplication:61   [32m                  [0;39m Started KnowledgeBaseApplication in 1.307 seconds (JVM running for 2.002)
2022-07-10 15:14:47.761 INFO  c.c.knowledge_base.config.KnowledgeBaseApplication:20   [32m                  [0;39m Spring启动成功!！
2022-07-10 15:14:47.761 INFO  c.c.knowledge_base.config.KnowledgeBaseApplication:21   [32m                  [0;39m 地址: 	http://127.0.0.1:8080
2022-07-10 15:14:50.222 INFO  o.a.c.core.ContainerBase.[Tomcat].[localhost].[/] :173  [32m                  [0;39m Initializing Spring DispatcherServlet 'dispatcherServlet'
2022-07-10 15:14:50.222 INFO  org.springframework.web.servlet.DispatcherServlet :525  [32m                  [0;39m Initializing Servlet 'dispatcherServlet'
2022-07-10 15:14:50.223 INFO  org.springframework.web.servlet.DispatcherServlet :547  [32m                  [0;39m Completed initialization in 1 ms
2022-07-10 15:15:01.497 INFO  o.s.scheduling.concurrent.ThreadPoolTaskExecutor  :218  [32m                  [0;39m Shutting down ExecutorService 'applicationTaskExecutor'
2022-07-10 15:15:04.228 INFO  c.c.knowledge_base.config.KnowledgeBaseApplication:55   [32m                  [0;39m Starting KnowledgeBaseApplication using Java 1.8.0_291 on DESKTOP-400MTLR with PID 3464 (D:\JavaWorkspace\knowledge_base\target\classes started by 善明 in D:\JavaWorkspace\knowledge_base)
2022-07-10 15:15:04.231 INFO  c.c.knowledge_base.config.KnowledgeBaseApplication:660  [32m                  [0;39m No active profile set, falling back to default profiles: default
2022-07-10 15:15:04.845 INFO  o.s.boot.web.embedded.tomcat.TomcatWebServer      :108  [32m                  [0;39m Tomcat initialized with port(s): 8080 (http)
2022-07-10 15:15:04.851 INFO  org.apache.coyote.http11.Http11NioProtocol        :173  [32m                  [0;39m Initializing ProtocolHandler ["http-nio-8080"]
2022-07-10 15:15:04.851 INFO  org.apache.catalina.core.StandardService          :173  [32m                  [0;39m Starting service [Tomcat]
2022-07-10 15:15:04.851 INFO  org.apache.catalina.core.StandardEngine           :173  [32m                  [0;39m Starting Servlet engine: [Apache Tomcat/9.0.39]
2022-07-10 15:15:04.939 INFO  o.a.c.core.ContainerBase.[Tomcat].[localhost].[/] :173  [32m                  [0;39m Initializing Spring embedded WebApplicationContext
2022-07-10 15:15:04.940 INFO  o.s.b.w.s.c.ServletWebServerApplicationContext    :289  [32m                  [0;39m Root WebApplicationContext: initialization completed in 667 ms
2022-07-10 15:15:05.098 INFO  o.s.scheduling.concurrent.ThreadPoolTaskExecutor  :181  [32m                  [0;39m Initializing ExecutorService 'applicationTaskExecutor'
2022-07-10 15:15:05.266 INFO  org.apache.coyote.http11.Http11NioProtocol        :173  [32m                  [0;39m Starting ProtocolHandler ["http-nio-8080"]
2022-07-10 15:15:05.280 INFO  o.s.boot.web.embedded.tomcat.TomcatWebServer      :220  [32m                  [0;39m Tomcat started on port(s): 8080 (http) with context path ''
2022-07-10 15:15:05.289 INFO  c.c.knowledge_base.config.KnowledgeBaseApplication:61   [32m                  [0;39m Started KnowledgeBaseApplication in 1.506 seconds (JVM running for 2.196)
2022-07-10 15:15:05.291 INFO  c.c.knowledge_base.config.KnowledgeBaseApplication:20   [32m                  [0;39m Spring启动成功!！
2022-07-10 15:15:05.291 INFO  c.c.knowledge_base.config.KnowledgeBaseApplication:21   [32m                  [0;39m 地址: 	http://127.0.0.1:8080
2022-07-10 15:15:07.737 INFO  o.a.c.core.ContainerBase.[Tomcat].[localhost].[/] :173  [32m                  [0;39m Initializing Spring DispatcherServlet 'dispatcherServlet'
2022-07-10 15:15:07.738 INFO  org.springframework.web.servlet.DispatcherServlet :525  [32m                  [0;39m Initializing Servlet 'dispatcherServlet'
2022-07-10 15:15:07.739 INFO  org.springframework.web.servlet.DispatcherServlet :547  [32m                  [0;39m Completed initialization in 0 ms
2022-07-10 15:18:12.532 INFO  o.s.scheduling.concurrent.ThreadPoolTaskExecutor  :218  [32m                  [0;39m Shutting down ExecutorService 'applicationTaskExecutor'
2022-07-10 15:18:16.563 INFO  c.c.knowledge_base.config.KnowledgeBaseApplication:55   [32m                  [0;39m Starting KnowledgeBaseApplication using Java 1.8.0_291 on DESKTOP-400MTLR with PID 19516 (D:\JavaWorkspace\knowledge_base\target\classes started by 善明 in D:\JavaWorkspace\knowledge_base)
2022-07-10 15:18:16.567 INFO  c.c.knowledge_base.config.KnowledgeBaseApplication:660  [32m                  [0;39m No active profile set, falling back to default profiles: default
2022-07-10 15:18:17.206 INFO  o.s.boot.web.embedded.tomcat.TomcatWebServer      :108  [32m                  [0;39m Tomcat initialized with port(s): 8080 (http)
2022-07-10 15:18:17.212 INFO  org.apache.coyote.http11.Http11NioProtocol        :173  [32m                  [0;39m Initializing ProtocolHandler ["http-nio-8080"]
2022-07-10 15:18:17.212 INFO  org.apache.catalina.core.StandardService          :173  [32m                  [0;39m Starting service [Tomcat]
2022-07-10 15:18:17.213 INFO  org.apache.catalina.core.StandardEngine           :173  [32m                  [0;39m Starting Servlet engine: [Apache Tomcat/9.0.39]
2022-07-10 15:18:17.274 INFO  o.a.c.core.ContainerBase.[Tomcat].[localhost].[/] :173  [32m                  [0;39m Initializing Spring embedded WebApplicationContext
2022-07-10 15:18:17.275 INFO  o.s.b.w.s.c.ServletWebServerApplicationContext    :289  [32m                  [0;39m Root WebApplicationContext: initialization completed in 637 ms
2022-07-10 15:18:17.376 INFO  o.s.scheduling.concurrent.ThreadPoolTaskExecutor  :181  [32m                  [0;39m Initializing ExecutorService 'applicationTaskExecutor'
2022-07-10 15:18:17.481 INFO  org.apache.coyote.http11.Http11NioProtocol        :173  [32m                  [0;39m Starting ProtocolHandler ["http-nio-8080"]
2022-07-10 15:18:17.495 INFO  o.s.boot.web.embedded.tomcat.TomcatWebServer      :220  [32m                  [0;39m Tomcat started on port(s): 8080 (http) with context path ''
2022-07-10 15:18:17.504 INFO  c.c.knowledge_base.config.KnowledgeBaseApplication:61   [32m                  [0;39m Started KnowledgeBaseApplication in 1.586 seconds (JVM running for 2.304)
2022-07-10 15:18:17.507 INFO  c.c.knowledge_base.config.KnowledgeBaseApplication:20   [32m                  [0;39m Spring启动成功!！
2022-07-10 15:18:17.507 INFO  c.c.knowledge_base.config.KnowledgeBaseApplication:21   [32m                  [0;39m 地址: 	http://127.0.0.1:8080
