2022-07-09 00:38:11.926 INFO  com.chenjx.knowledge_base.config.KnowledgeBaseApplication:55   [32m                  [0;39m Starting KnowledgeBaseApplication using Java 1.8.0_291 on DESKTOP-400MTLR with PID 10788 (D:\JavaWorkspace\knowledge_base\target\classes started by 善明 in D:\JavaWorkspace\knowledge_base)
2022-07-09 00:38:11.932 INFO  com.chenjx.knowledge_base.config.KnowledgeBaseApplication:660  [32m                  [0;39m No active profile set, falling back to default profiles: default
2022-07-09 00:38:12.595 INFO  o.s.boot.web.embedded.tomcat.TomcatWebServer      :108  [32m                  [0;39m Tomcat initialized with port(s): 8080 (http)
2022-07-09 00:38:12.601 INFO  org.apache.coyote.http11.Http11NioProtocol        :173  [32m                  [0;39m Initializing ProtocolHandler ["http-nio-8080"]
2022-07-09 00:38:12.603 INFO  org.apache.catalina.core.StandardService          :173  [32m                  [0;39m Starting service [Tomcat]
2022-07-09 00:38:12.603 INFO  org.apache.catalina.core.StandardEngine           :173  [32m                  [0;39m Starting Servlet engine: [Apache Tomcat/9.0.39]
2022-07-09 00:38:12.668 INFO  o.a.c.core.ContainerBase.[Tomcat].[localhost].[/] :173  [32m                  [0;39m Initializing Spring embedded WebApplicationContext
2022-07-09 00:38:12.668 INFO  o.s.b.w.s.c.ServletWebServerApplicationContext    :289  [32m                  [0;39m Root WebApplicationContext: initialization completed in 679 ms
2022-07-09 00:38:12.783 INFO  o.s.scheduling.concurrent.ThreadPoolTaskExecutor  :181  [32m                  [0;39m Initializing ExecutorService 'applicationTaskExecutor'
2022-07-09 00:38:12.881 INFO  org.apache.coyote.http11.Http11NioProtocol        :173  [32m                  [0;39m Starting ProtocolHandler ["http-nio-8080"]
2022-07-09 00:38:12.894 INFO  o.s.boot.web.embedded.tomcat.TomcatWebServer      :220  [32m                  [0;39m Tomcat started on port(s): 8080 (http) with context path ''
2022-07-09 00:38:12.903 INFO  com.chenjx.knowledge_base.config.KnowledgeBaseApplication:61   [32m                  [0;39m Started KnowledgeBaseApplication in 1.37 seconds (JVM running for 2.061)
2022-07-09 00:38:12.905 INFO  com.chenjx.knowledge_base.config.KnowledgeBaseApplication:18   [32m                  [0;39m Spring启动成功!！
2022-07-09 00:38:12.905 INFO  com.chenjx.knowledge_base.config.KnowledgeBaseApplication:19   [32m                  [0;39m 地址: 	http://127.0.0.1:8080
2022-07-09 00:38:22.010 INFO  o.a.c.core.ContainerBase.[Tomcat].[localhost].[/] :173  [32m                  [0;39m Initializing Spring DispatcherServlet 'dispatcherServlet'
2022-07-09 00:38:22.010 INFO  org.springframework.web.servlet.DispatcherServlet :525  [32m                  [0;39m Initializing Servlet 'dispatcherServlet'
2022-07-09 00:38:22.011 INFO  org.springframework.web.servlet.DispatcherServlet :547  [32m                  [0;39m Completed initialization in 0 ms
2022-07-09 00:38:53.833 INFO  o.s.scheduling.concurrent.ThreadPoolTaskExecutor  :218  [32m                  [0;39m Shutting down ExecutorService 'applicationTaskExecutor'
2022-07-09 00:38:57.616 INFO  com.chenjx.knowledge_base.config.KnowledgeBaseApplication:55   [32m                  [0;39m Starting KnowledgeBaseApplication using Java 1.8.0_291 on DESKTOP-400MTLR with PID 14160 (D:\JavaWorkspace\knowledge_base\target\classes started by 善明 in D:\JavaWorkspace\knowledge_base)
2022-07-09 00:38:57.620 INFO  com.chenjx.knowledge_base.config.KnowledgeBaseApplication:660  [32m                  [0;39m No active profile set, falling back to default profiles: default
2022-07-09 00:38:58.270 INFO  o.s.boot.web.embedded.tomcat.TomcatWebServer      :108  [32m                  [0;39m Tomcat initialized with port(s): 8080 (http)
2022-07-09 00:38:58.276 INFO  org.apache.coyote.http11.Http11NioProtocol        :173  [32m                  [0;39m Initializing ProtocolHandler ["http-nio-8080"]
2022-07-09 00:38:58.277 INFO  org.apache.catalina.core.StandardService          :173  [32m                  [0;39m Starting service [Tomcat]
2022-07-09 00:38:58.277 INFO  org.apache.catalina.core.StandardEngine           :173  [32m                  [0;39m Starting Servlet engine: [Apache Tomcat/9.0.39]
2022-07-09 00:38:58.351 INFO  o.a.c.core.ContainerBase.[Tomcat].[localhost].[/] :173  [32m                  [0;39m Initializing Spring embedded WebApplicationContext
2022-07-09 00:38:58.351 INFO  o.s.b.w.s.c.ServletWebServerApplicationContext    :289  [32m                  [0;39m Root WebApplicationContext: initialization completed in 688 ms
2022-07-09 00:38:58.462 INFO  o.s.scheduling.concurrent.ThreadPoolTaskExecutor  :181  [32m                  [0;39m Initializing ExecutorService 'applicationTaskExecutor'
2022-07-09 00:38:58.561 INFO  org.apache.coyote.http11.Http11NioProtocol        :173  [32m                  [0;39m Starting ProtocolHandler ["http-nio-8080"]
2022-07-09 00:38:58.573 INFO  o.s.boot.web.embedded.tomcat.TomcatWebServer      :220  [32m                  [0;39m Tomcat started on port(s): 8080 (http) with context path ''
2022-07-09 00:38:58.581 INFO  com.chenjx.knowledge_base.config.KnowledgeBaseApplication:61   [32m                  [0;39m Started KnowledgeBaseApplication in 1.469 seconds (JVM running for 2.33)
2022-07-09 00:38:58.583 INFO  com.chenjx.knowledge_base.config.KnowledgeBaseApplication:18   [32m                  [0;39m Spring启动成功!！
2022-07-09 00:38:58.583 INFO  com.chenjx.knowledge_base.config.KnowledgeBaseApplication:19   [32m                  [0;39m 地址: 	http://127.0.0.1:8080
2022-07-09 00:39:01.037 INFO  o.a.c.core.ContainerBase.[Tomcat].[localhost].[/] :173  [32m                  [0;39m Initializing Spring DispatcherServlet 'dispatcherServlet'
2022-07-09 00:39:01.038 INFO  org.springframework.web.servlet.DispatcherServlet :525  [32m                  [0;39m Initializing Servlet 'dispatcherServlet'
2022-07-09 00:39:01.039 INFO  org.springframework.web.servlet.DispatcherServlet :547  [32m                  [0;39m Completed initialization in 1 ms
2022-07-09 00:40:41.841 INFO  o.s.scheduling.concurrent.ThreadPoolTaskExecutor  :218  [32m                  [0;39m Shutting down ExecutorService 'applicationTaskExecutor'
2022-07-09 00:40:46.097 INFO  c.c.knowledge_base.config.KnowledgeBaseApplication:55   [32m                  [0;39m Starting KnowledgeBaseApplication using Java 1.8.0_291 on DESKTOP-400MTLR with PID 12504 (D:\JavaWorkspace\knowledge_base\target\classes started by 善明 in D:\JavaWorkspace\knowledge_base)
2022-07-09 00:40:46.100 INFO  c.c.knowledge_base.config.KnowledgeBaseApplication:660  [32m                  [0;39m No active profile set, falling back to default profiles: default
2022-07-09 00:40:46.635 INFO  o.s.boot.web.embedded.tomcat.TomcatWebServer      :108  [32m                  [0;39m Tomcat initialized with port(s): 8080 (http)
2022-07-09 00:40:46.641 INFO  org.apache.coyote.http11.Http11NioProtocol        :173  [32m                  [0;39m Initializing ProtocolHandler ["http-nio-8080"]
2022-07-09 00:40:46.641 INFO  org.apache.catalina.core.StandardService          :173  [32m                  [0;39m Starting service [Tomcat]
2022-07-09 00:40:46.642 INFO  org.apache.catalina.core.StandardEngine           :173  [32m                  [0;39m Starting Servlet engine: [Apache Tomcat/9.0.39]
2022-07-09 00:40:46.706 INFO  o.a.c.core.ContainerBase.[Tomcat].[localhost].[/] :173  [32m                  [0;39m Initializing Spring embedded WebApplicationContext
2022-07-09 00:40:46.706 INFO  o.s.b.w.s.c.ServletWebServerApplicationContext    :289  [32m                  [0;39m Root WebApplicationContext: initialization completed in 576 ms
2022-07-09 00:40:46.808 INFO  o.s.scheduling.concurrent.ThreadPoolTaskExecutor  :181  [32m                  [0;39m Initializing ExecutorService 'applicationTaskExecutor'
2022-07-09 00:40:46.911 INFO  org.apache.coyote.http11.Http11NioProtocol        :173  [32m                  [0;39m Starting ProtocolHandler ["http-nio-8080"]
2022-07-09 00:40:46.925 INFO  o.s.boot.web.embedded.tomcat.TomcatWebServer      :220  [32m                  [0;39m Tomcat started on port(s): 8080 (http) with context path ''
2022-07-09 00:40:46.934 INFO  c.c.knowledge_base.config.KnowledgeBaseApplication:61   [32m                  [0;39m Started KnowledgeBaseApplication in 1.36 seconds (JVM running for 2.246)
2022-07-09 00:40:46.937 INFO  c.c.knowledge_base.config.KnowledgeBaseApplication:20   [32m                  [0;39m Spring启动成功!！
2022-07-09 00:40:46.937 INFO  c.c.knowledge_base.config.KnowledgeBaseApplication:21   [32m                  [0;39m 地址: 	http://127.0.0.1:8080
2022-07-09 00:41:00.347 INFO  o.a.c.core.ContainerBase.[Tomcat].[localhost].[/] :173  [32m                  [0;39m Initializing Spring DispatcherServlet 'dispatcherServlet'
2022-07-09 00:41:00.347 INFO  org.springframework.web.servlet.DispatcherServlet :525  [32m                  [0;39m Initializing Servlet 'dispatcherServlet'
2022-07-09 00:41:00.348 INFO  org.springframework.web.servlet.DispatcherServlet :547  [32m                  [0;39m Completed initialization in 0 ms
2022-07-09 00:41:08.988 INFO  o.s.scheduling.concurrent.ThreadPoolTaskExecutor  :218  [32m                  [0;39m Shutting down ExecutorService 'applicationTaskExecutor'
2022-07-09 00:41:12.679 INFO  c.c.knowledge_base.config.KnowledgeBaseApplication:55   [32m                  [0;39m Starting KnowledgeBaseApplication using Java 1.8.0_291 on DESKTOP-400MTLR with PID 18936 (D:\JavaWorkspace\knowledge_base\target\classes started by 善明 in D:\JavaWorkspace\knowledge_base)
2022-07-09 00:41:12.682 INFO  c.c.knowledge_base.config.KnowledgeBaseApplication:660  [32m                  [0;39m No active profile set, falling back to default profiles: default
2022-07-09 00:41:13.309 INFO  o.s.boot.web.embedded.tomcat.TomcatWebServer      :108  [32m                  [0;39m Tomcat initialized with port(s): 8080 (http)
2022-07-09 00:41:13.317 INFO  org.apache.coyote.http11.Http11NioProtocol        :173  [32m                  [0;39m Initializing ProtocolHandler ["http-nio-8080"]
2022-07-09 00:41:13.318 INFO  org.apache.catalina.core.StandardService          :173  [32m                  [0;39m Starting service [Tomcat]
2022-07-09 00:41:13.318 INFO  org.apache.catalina.core.StandardEngine           :173  [32m                  [0;39m Starting Servlet engine: [Apache Tomcat/9.0.39]
2022-07-09 00:41:13.415 INFO  o.a.c.core.ContainerBase.[Tomcat].[localhost].[/] :173  [32m                  [0;39m Initializing Spring embedded WebApplicationContext
2022-07-09 00:41:13.415 INFO  o.s.b.w.s.c.ServletWebServerApplicationContext    :289  [32m                  [0;39m Root WebApplicationContext: initialization completed in 679 ms
2022-07-09 00:41:13.546 INFO  o.s.scheduling.concurrent.ThreadPoolTaskExecutor  :181  [32m                  [0;39m Initializing ExecutorService 'applicationTaskExecutor'
2022-07-09 00:41:13.654 INFO  org.apache.coyote.http11.Http11NioProtocol        :173  [32m                  [0;39m Starting ProtocolHandler ["http-nio-8080"]
2022-07-09 00:41:13.668 INFO  o.s.boot.web.embedded.tomcat.TomcatWebServer      :220  [32m                  [0;39m Tomcat started on port(s): 8080 (http) with context path ''
2022-07-09 00:41:13.677 INFO  c.c.knowledge_base.config.KnowledgeBaseApplication:61   [32m                  [0;39m Started KnowledgeBaseApplication in 1.473 seconds (JVM running for 2.203)
2022-07-09 00:41:13.679 INFO  c.c.knowledge_base.config.KnowledgeBaseApplication:20   [32m                  [0;39m Spring启动成功!！
2022-07-09 00:41:13.679 INFO  c.c.knowledge_base.config.KnowledgeBaseApplication:21   [32m                  [0;39m 地址: 	http://127.0.0.1:8080
2022-07-09 00:41:14.764 INFO  o.a.c.core.ContainerBase.[Tomcat].[localhost].[/] :173  [32m                  [0;39m Initializing Spring DispatcherServlet 'dispatcherServlet'
2022-07-09 00:41:14.764 INFO  org.springframework.web.servlet.DispatcherServlet :525  [32m                  [0;39m Initializing Servlet 'dispatcherServlet'
2022-07-09 00:41:14.765 INFO  org.springframework.web.servlet.DispatcherServlet :547  [32m                  [0;39m Completed initialization in 0 ms
2022-07-09 00:45:43.663 INFO  o.s.scheduling.concurrent.ThreadPoolTaskExecutor  :218  [32m                  [0;39m Shutting down ExecutorService 'applicationTaskExecutor'
